[INFO ] 2023-03-07 16:36:51.885 [main] CameraPreview - starting
[INFO ] 2023-03-07 17:16:16.318 [main] Audio - starting
[INFO ] 2023-03-07 17:21:17.334 [main] Audio - starting
[INFO ] 2023-03-07 17:24:59.168 [main] Audio - starting
[INFO ] 2023-03-07 17:25:26.488 [main] Audio - stoped
[INFO ] 2023-03-07 17:27:07.778 [main] AudioFixx - starting
[INFO ] 2023-03-07 17:27:34.932 [main] AudioFixx - stoped
[INFO ] 2023-03-07 17:28:10.204 [main] DataTypes - starting
[INFO ] 2023-03-07 17:28:40.088 [main] DataTypes - Stoped
[INFO ] 2023-03-07 17:29:13.908 [main] TextToSpeech - starting
[INFO ] 2023-03-07 17:30:35.537 [main] TextToSpeech - starting
[INFO ] 2023-03-07 17:42:37.981 [main] CameraPreview - starting
[INFO ] 2023-03-07 17:42:56.934 [main] CameraPreview - Stoped
[INFO ] 2023-03-07 17:46:06.918 [main] CameraPreview - starting
[INFO ] 2023-03-07 17:51:10.280 [main] CameraPreview - starting
[INFO ] 2023-03-07 17:51:28.003 [main] CameraPreview - Stoped
[INFO ] 2023-03-07 17:55:59.149 [main] CameraPreview - starting
[INFO ] 2023-03-07 17:56:18.519 [main] CameraPreview - Stoped
[INFO ] 2023-03-07 17:57:11.366 [main] CameraPreview - starting
[INFO ] 2023-03-07 17:57:30.067 [main] CameraPreview - Stoped
[INFO ] 2023-03-07 18:00:01.202 [main] CameraPreview - starting
